<?xml version="1.0" encoding="UTF-8"?>
<!-- Generated by org.testng.reporters.JUnitReportReporter -->
<testsuite hostname="sanjana43" failures="0" tests="2" name="GreenKart.Tests.HomePageTest" time="72.444" errors="0" timestamp="2025-09-10T00:47:43 IST" skipped="0">
  <testcase classname="GreenKart.Tests.HomePageTest" name="addVegToCart" time="56.274"/>
  <testcase classname="GreenKart.Tests.HomePageTest" name="withValidCode" time="16.170"/>
</testsuite> <!-- GreenKart.Tests.HomePageTest -->
