<?xml version="1.0" encoding="UTF-8"?>
<!-- Generated by org.testng.reporters.JUnitReportReporter -->
<testsuite hostname="sanjana43" failures="0" tests="3" name="GreenKart.Tests.NegativeTest" time="120.959" errors="0" timestamp="2025-09-10T00:47:43 IST" skipped="0">
  <testcase classname="GreenKart.Tests.NegativeTest" name="wrongMsg" time="50.172"/>
  <testcase classname="GreenKart.Tests.NegativeTest" name="getMessageOfTerms" time="54.319"/>
  <testcase classname="GreenKart.Tests.NegativeTest" name="withInvalidCode" time="16.468"/>
</testsuite> <!-- GreenKart.Tests.NegativeTest -->
