<?xml version="1.0" encoding="UTF-8"?>
<!-- Generated by org.testng.reporters.JUnitReportReporter -->
<testsuite hostname="sanjana43" failures="0" tests="2" name="GreenKart.Tests.HomePageTest" time="81.854" errors="0" timestamp="2025-09-07T14:21:35 IST" skipped="0">
  <testcase classname="GreenKart.Tests.HomePageTest" name="withValidCode" time="27.208"/>
  <testcase classname="GreenKart.Tests.HomePageTest" name="addVegToCart" time="54.646"/>
</testsuite> <!-- GreenKart.Tests.HomePageTest -->
