<?xml version="1.0" encoding="UTF-8"?>
<!-- Generated by org.testng.reporters.JUnitReportReporter -->
<testsuite hostname="sanjana43" failures="0" tests="3" name="GreenKart.Tests.NegativeTest" time="109.566" errors="0" timestamp="2025-09-08T14:36:30 IST" skipped="0">
  <testcase classname="GreenKart.Tests.NegativeTest" name="getMessageOfTerms" time="40.217"/>
  <testcase classname="GreenKart.Tests.NegativeTest" name="wrongMsg" time="35.277"/>
  <testcase classname="GreenKart.Tests.NegativeTest" name="withInvalidCode" time="34.072"/>
</testsuite> <!-- GreenKart.Tests.NegativeTest -->
